<?xml version="1.0" encoding="UTF-8"?>
<!-- Generated by org.testng.reporters.JUnitReportReporter -->
<testsuite hostname="CHA-PLP41183" failures="0" tests="1" name="TestCases.RegisterTests" time="0.856" errors="0" timestamp="14 Oct 2020 17:28:30 GMT" skipped="0">
  <testcase classname="TestCases.RegisterTests" name="RegisterTest" time="0.856"/>
</testsuite> <!-- TestCases.RegisterTests -->
