<?xml version="1.0" encoding="UTF-8"?>
<!-- Generated by org.testng.reporters.JUnitReportReporter -->
<testsuite hostname="CHA-PLP41183" failures="0" tests="4" name="TestCases.UserTests" time="2.291" errors="0" timestamp="14 Oct 2020 17:28:30 GMT" skipped="0">
  <testcase classname="TestCases.UserTests" name="CreateUser" time="0.642"/>
  <testcase classname="TestCases.UserTests" name="GetUsers" time="0.376"/>
  <testcase classname="TestCases.UserTests" name="GetSingleUser" time="0.345"/>
  <testcase classname="TestCases.UserTests" name="GetUserNotAvailable" time="0.928"/>
</testsuite> <!-- TestCases.UserTests -->
