<?xml version="1.0" encoding="UTF-8"?>
<!-- Generated by org.testng.reporters.JUnitReportReporter -->
<testsuite hostname="CHA-PLP41183" failures="0" tests="1" name="TestCases.LoginTests" time="3.256" errors="0" timestamp="14 Oct 2020 17:28:30 GMT" skipped="0">
  <testcase classname="TestCases.LoginTests" name="LoginTest" time="3.256"/>
</testsuite> <!-- TestCases.LoginTests -->
